[mobirise.com/extensions/securem4/cyber-security/index.html]
[mobirise.com/extensions/securem4/cyber-security/assets/images/logo.png]
[backblue.gif]
[fade.gif]
[index.html]
[mobirise.com/extensions/securem4/cyber-security/assets/web/assets/mobirise-icons2/mobirise2.css]
[mobirise.com/extensions/securem4/cyber-security/assets/tether/tether.min.css]
[mobirise.com/extensions/securem4/cyber-security/assets/bootstrap/css/bootstrap.min.css]
[mobirise.com/extensions/securem4/cyber-security/assets/bootstrap/css/bootstrap-grid.min.css]
[mobirise.com/extensions/securem4/cyber-security/assets/bootstrap/css/bootstrap-reboot.min.css]
[mobirise.com/extensions/securem4/cyber-security/assets/dropdown/css/style.css]
[mobirise.com/extensions/securem4/cyber-security/assets/formstyler/jquery.formstyler.css]
[mobirise.com/extensions/securem4/cyber-security/assets/formstyler/jquery.formstyler.theme.css]
[mobirise.com/extensions/securem4/cyber-security/assets/datepicker/jquery.datetimepicker.min.css]
[mobirise.com/extensions/securem4/cyber-security/assets/socicon/css/styles.css]
[mobirise.com/extensions/securem4/cyber-security/assets/theme/css/style.css]
[mobirise.com/extensions/securem4/cyber-security/assets/recaptcha.css]
[mobirise.com/extensions/securem4/cyber-security/assets/mobirise/css/mbr-additional.css]
[mobirise.com/extensions/securem4/cyber-security/assets/images/features1.jpg]
[mobirise.com/extensions/securem4/cyber-security/assets/images/background1.jpg]
[mobirise.com/extensions/securem4/cyber-security/assets/images/features2.jpg]
[mobirise.com/extensions/securem4/cyber-security/assets/images/features3.jpg]
[mobirise.com/extensions/securem4/cyber-security/assets/images/team1.jpg]
[mobirise.com/extensions/securem4/cyber-security/assets/images/team2.jpg]
[mobirise.com/extensions/securem4/cyber-security/assets/images/team3.jpg]
[mobirise.com/extensions/securem4/cyber-security/assets/images/1.png]
[mobirise.com/extensions/securem4/cyber-security/assets/images/2.png]
[mobirise.com/extensions/securem4/cyber-security/assets/images/3.png]
[mobirise.com/extensions/securem4/cyber-security/assets/web/assets/jquery/jquery.min.js]
[mobirise.com/extensions/securem4/cyber-security/assets/popper/popper.min.js]
[mobirise.com/extensions/securem4/cyber-security/assets/tether/tether.min.js]
[mobirise.com/extensions/securem4/cyber-security/assets/bootstrap/js/bootstrap.min.js]
[mobirise.com/extensions/securem4/cyber-security/assets/smoothscroll/smooth-scroll.js]
[mobirise.com/extensions/securem4/cyber-security/assets/dropdown/js/nav-dropdown.js]
[mobirise.com/extensions/securem4/cyber-security/assets/dropdown/js/navbar-dropdown.js]
[mobirise.com/extensions/securem4/cyber-security/assets/touchswipe/jquery.touch-swipe.min.js]
[mobirise.com/extensions/securem4/cyber-security/assets/playervimeo/vimeo_player.js]
[mobirise.com/extensions/securem4/cyber-security/assets/bootstrapcarouselswipe/bootstrap-carousel-swipe.js]
[mobirise.com/extensions/securem4/cyber-security/assets/mbr-testimonials-slider/mbr-testimonials-slider.js]
[mobirise.com/extensions/securem4/cyber-security/assets/formstyler/jquery.formstyler.js]
[mobirise.com/extensions/securem4/cyber-security/assets/formstyler/jquery.formstyler.min.js]
[mobirise.com/extensions/securem4/cyber-security/assets/datepicker/jquery.datetimepicker.full.js]
[mobirise.com/extensions/securem4/cyber-security/assets/theme/js/script.js]
[mobirise.com/extensions/securem4/cyber-security/assets/formoid.min.js]
[mobirise.com/extensions/securem4/cyber-security/index.html]
[mobirise.com/extensions/securem4/cyber-security/assets/web/assets/mobirise-icons2/mobirise21e04.eot]
[mobirise.com/extensions/securem4/cyber-security/assets/web/assets/mobirise-icons2/mobirise21e04.ttf]
[mobirise.com/extensions/securem4/cyber-security/assets/web/assets/mobirise-icons2/mobirise21e04.woff]
[mobirise.com/extensions/securem4/cyber-security/assets/web/assets/mobirise-icons2/mobirise2.css]
[mobirise.com/extensions/securem4/cyber-security/assets/tether/tether.min.css]
[mobirise.com/extensions/securem4/cyber-security/assets/bootstrap/css/bootstrap.min.css]
[mobirise.com/extensions/securem4/cyber-security/assets/bootstrap/css/bootstrap-grid.min.css]
[mobirise.com/extensions/securem4/cyber-security/assets/bootstrap/css/bootstrap-reboot.min.css]
[mobirise.com/extensions/securem4/cyber-security/assets/dropdown/css/style.css]
[mobirise.com/extensions/securem4/cyber-security/assets/formstyler/jquery.formstyler.css]
[mobirise.com/extensions/securem4/cyber-security/assets/formstyler/jquery.formstyler.theme.css]
[mobirise.com/extensions/securem4/cyber-security/assets/datepicker/jquery.datetimepicker.min.css]
[mobirise.com/extensions/securem4/cyber-security/assets/web/assets/mobirise-icons2/mobirise21e04.svg]
[mobirise.com/extensions/securem4/cyber-security/assets/socicon/fonts/socicon.eot]
[mobirise.com/extensions/securem4/cyber-security/assets/socicon/fonts/socicond41d.eot]
[mobirise.com/extensions/securem4/cyber-security/assets/socicon/fonts/socicon.woff2]
[mobirise.com/extensions/securem4/cyber-security/assets/socicon/fonts/socicon.ttf]
[mobirise.com/extensions/securem4/cyber-security/assets/socicon/fonts/socicon.woff]
[mobirise.com/extensions/securem4/cyber-security/assets/socicon/css/styles.css]
[mobirise.com/extensions/securem4/cyber-security/assets/theme/css/style.css]
[mobirise.com/extensions/securem4/cyber-security/assets/recaptcha.css]
[mobirise.com/extensions/securem4/cyber-security/assets/mobirise/css/mbr-additional.css]
[www.googletagmanager.com/gtm5445.html]
[mobirise.com/extensions/securem4/cyber-security/assets/web/assets/mobirise-icons2/mobirise21e04.svg]
[mobirise.com/extensions/securem4/cyber-security/assets/socicon/fonts/socicon.svg]
[mobirise.com/extensions/securem4/cyber-security/assets/socicon/fonts/socicon.svg]
